2024-12-09 17:31:54,504 - INFO - Loading documents...
2024-12-09 17:31:55,774 - INFO - Processed Owners-guide_FINAL_July-26-2023.pdf - Types: []
2024-12-09 17:31:55,873 - ERROR - Error extracting PDF C:\Users\Dwbak\WEBDEV\condoai_rag\src\..\pdfs\YRSCC 1543 - October 1, 2024 BOD - Minutes.pdf: no such group
2024-12-09 17:31:55,874 - ERROR - Error processing YRSCC 1543 - October 1, 2024 BOD - Minutes.pdf: no such group
2024-12-09 17:31:55,983 - INFO - Processed YRSCC 1543 Management Report 2024.11.05.pdf - Types: ['minutes', 'governance']
2024-12-09 17:31:56,052 - INFO - Processed YRSCC 1543_Agenda_2024.11.05.pdf - Types: ['financial', 'minutes']
2024-12-09 17:31:57,312 - INFO - Anonymized telemetry enabled. See                     https://docs.trychroma.com/telemetry for more information.
2024-12-09 17:31:57,625 - INFO - Creating embeddings for 46 text chunks...
2024-12-09 17:31:57,627 - INFO - Creating embeddings for 1 text chunks...
2024-12-09 17:31:57,628 - INFO - Creating embeddings for 1 text chunks...
2024-12-09 17:31:57,629 - INFO - Creating embeddings for 1 text chunks...
2024-12-09 17:31:57,629 - INFO - Creating embeddings for 1 text chunks...
2024-12-09 17:31:57,630 - INFO - Creating embeddings for 1 text chunks...
2024-12-09 17:31:57,630 - INFO - Creating embeddings for 1 text chunks...
2024-12-09 17:31:57,631 - INFO - Creating embeddings for 1 text chunks...
2024-12-09 17:31:57,631 - INFO - Creating embeddings for 1 text chunks...
2024-12-09 17:31:57,632 - INFO - Creating embeddings for 1 text chunks...
2024-12-09 17:31:57,632 - INFO - Creating embeddings for 1 text chunks...
2024-12-09 17:31:57,633 - INFO - Creating embeddings for 1 text chunks...
2024-12-09 17:31:57,633 - INFO - Creating embeddings for 1 text chunks...
2024-12-09 17:31:57,634 - INFO - Creating embeddings for 1 text chunks...
2024-12-09 17:31:57,634 - INFO - Creating embeddings for 1 text chunks...
2024-12-09 17:31:57,634 - INFO - Creating embeddings for 1 text chunks...
2024-12-09 17:31:57,634 - INFO - Creating embeddings for 1 text chunks...
2024-12-09 17:31:57,634 - INFO - Creating embeddings for 1 text chunks...
2024-12-09 17:31:57,634 - INFO - Creating embeddings for 1 text chunks...
2024-12-09 17:31:57,635 - INFO - Creating embeddings for 1 text chunks...
2024-12-09 17:31:57,635 - INFO - Creating embeddings for 1 text chunks...
2024-12-09 17:31:57,635 - INFO - Creating embeddings for 1 text chunks...
2024-12-09 17:31:57,635 - INFO - Creating embeddings for 1 text chunks...
2024-12-09 17:31:57,635 - INFO - Creating embeddings for 1 text chunks...
2024-12-09 17:31:57,635 - INFO - Creating embeddings for 1 text chunks...
2024-12-09 17:31:57,635 - INFO - Creating embeddings for 1 text chunks...
2024-12-09 17:31:57,635 - INFO - Creating embeddings for 1 text chunks...
2024-12-09 17:31:57,635 - INFO - Creating embeddings for 1 text chunks...
2024-12-09 17:31:57,636 - INFO - Creating embeddings for 1 text chunks...
2024-12-09 17:31:57,636 - INFO - Creating embeddings for 1 text chunks...
2024-12-09 17:31:57,636 - INFO - Creating embeddings for 1 text chunks...
2024-12-09 17:31:57,636 - INFO - Creating embeddings for 1 text chunks...
2024-12-09 17:31:57,636 - INFO - Creating embeddings for 1 text chunks...
2024-12-09 17:31:57,636 - INFO - Creating embeddings for 1 text chunks...
2024-12-09 17:31:57,636 - INFO - Creating embeddings for 1 text chunks...
2024-12-09 17:31:57,636 - INFO - Creating embeddings for 1 text chunks...
2024-12-09 17:31:57,636 - INFO - Creating embeddings for 1 text chunks...
2024-12-09 17:31:57,636 - INFO - Creating embeddings for 1 text chunks...
2024-12-09 17:31:57,636 - INFO - Creating embeddings for 1 text chunks...
2024-12-09 17:31:57,636 - INFO - Creating embeddings for 1 text chunks...
2024-12-09 17:31:57,636 - INFO - Creating embeddings for 1 text chunks...
2024-12-09 17:31:57,638 - INFO - Creating embeddings for 1 text chunks...
2024-12-09 17:31:57,638 - INFO - Creating embeddings for 1 text chunks...
2024-12-09 17:31:57,638 - INFO - Creating embeddings for 1 text chunks...
2024-12-09 17:31:57,638 - INFO - Creating embeddings for 1 text chunks...
2024-12-09 17:31:57,638 - INFO - Creating embeddings for 1 text chunks...
2024-12-09 17:31:57,638 - INFO - Creating embeddings for 1 text chunks...
2024-12-09 17:31:57,638 - INFO - Creating embeddings for 1 text chunks...
2024-12-09 17:31:57,639 - INFO - Creating embeddings for 1 text chunks...
2024-12-09 17:31:57,639 - INFO - Creating embeddings for 1 text chunks...
2024-12-09 17:31:57,639 - INFO - Creating embeddings for 1 text chunks...
2024-12-09 17:31:57,639 - INFO - Creating embeddings for 1 text chunks...
2024-12-09 17:31:57,640 - INFO - Creating embeddings for 1 text chunks...
2024-12-09 17:31:57,640 - INFO - Creating embeddings for 1 text chunks...
2024-12-09 17:31:57,640 - INFO - Creating embeddings for 1 text chunks...
2024-12-09 17:31:57,640 - INFO - Creating embeddings for 1 text chunks...
2024-12-09 17:31:57,640 - INFO - Creating embeddings for 1 text chunks...
2024-12-09 17:31:57,640 - INFO - Creating embeddings for 1 text chunks...
2024-12-09 17:31:57,640 - INFO - Creating embeddings for 1 text chunks...
2024-12-09 17:31:57,641 - INFO - Creating embeddings for 1 text chunks...
2024-12-09 17:31:57,641 - INFO - Creating embeddings for 1 text chunks...
2024-12-09 17:31:57,641 - INFO - Creating embeddings for 1 text chunks...
2024-12-09 17:31:57,642 - INFO - Creating embeddings for 1 text chunks...
2024-12-09 17:31:57,643 - INFO - Creating embeddings for 1 text chunks...
2024-12-09 17:31:57,643 - INFO - Creating embeddings for 1 text chunks...
2024-12-09 17:31:57,643 - INFO - Creating embeddings for 1 text chunks...
2024-12-09 17:31:57,643 - INFO - Creating embeddings for 1 text chunks...
2024-12-09 17:31:57,643 - INFO - Creating embeddings for 1 text chunks...
2024-12-09 17:31:57,643 - INFO - Creating embeddings for 1 text chunks...
2024-12-09 17:31:57,643 - INFO - Creating embeddings for 1 text chunks...
2024-12-09 17:31:57,643 - INFO - Creating embeddings for 1 text chunks...
2024-12-09 17:31:57,644 - INFO - Creating embeddings for 1 text chunks...
2024-12-09 17:31:57,644 - INFO - Creating embeddings for 1 text chunks...
2024-12-09 17:31:57,644 - INFO - Creating embeddings for 1 text chunks...
2024-12-09 17:31:57,644 - INFO - Creating embeddings for 1 text chunks...
2024-12-09 17:31:57,644 - INFO - Creating embeddings for 1 text chunks...
2024-12-09 17:31:57,644 - INFO - Creating embeddings for 1 text chunks...
2024-12-09 17:31:57,644 - INFO - Creating embeddings for 1 text chunks...
2024-12-09 17:31:57,644 - INFO - Creating embeddings for 1 text chunks...
2024-12-09 17:31:57,644 - INFO - Creating embeddings for 1 text chunks...
2024-12-09 17:31:57,644 - INFO - Creating embeddings for 1 text chunks...
2024-12-09 17:31:57,645 - INFO - Creating embeddings for 1 text chunks...
2024-12-09 17:31:57,645 - INFO - Creating embeddings for 1 text chunks...
2024-12-09 17:31:57,645 - INFO - Creating embeddings for 1 text chunks...
2024-12-09 17:31:57,645 - INFO - Creating embeddings for 1 text chunks...
2024-12-09 17:31:57,645 - INFO - Creating embeddings for 1 text chunks...
2024-12-09 17:31:57,645 - INFO - Creating embeddings for 1 text chunks...
2024-12-09 17:31:57,645 - INFO - Creating embeddings for 1 text chunks...
2024-12-09 17:31:57,645 - INFO - Creating embeddings for 1 text chunks...
2024-12-09 17:31:57,645 - INFO - Creating embeddings for 1 text chunks...
2024-12-09 17:31:57,646 - INFO - Creating embeddings for 1 text chunks...
2024-12-09 17:31:57,646 - INFO - Creating embeddings for 1 text chunks...
2024-12-09 17:31:57,646 - INFO - Creating embeddings for 1 text chunks...
2024-12-09 17:31:57,646 - INFO - Creating embeddings for 1 text chunks...
2024-12-09 17:31:57,646 - INFO - Creating embeddings for 1 text chunks...
2024-12-09 17:31:57,646 - INFO - Creating embeddings for 1 text chunks...
2024-12-09 17:31:57,646 - INFO - Creating embeddings for 1 text chunks...
2024-12-09 17:31:57,646 - INFO - Creating embeddings for 1 text chunks...
2024-12-09 17:31:57,646 - INFO - Creating embeddings for 1 text chunks...
2024-12-09 17:31:57,647 - INFO - Creating embeddings for 1 text chunks...
2024-12-09 17:31:57,647 - INFO - Creating embeddings for 1 text chunks...
2024-12-09 17:31:57,647 - INFO - Creating embeddings for 1 text chunks...
2024-12-09 17:31:57,647 - INFO - Creating embeddings for 1 text chunks...
2024-12-09 17:31:57,647 - INFO - Creating embeddings for 1 text chunks...
2024-12-09 17:31:57,647 - INFO - Creating embeddings for 1 text chunks...
2024-12-09 17:31:57,648 - INFO - Creating embeddings for 1 text chunks...
2024-12-09 17:31:57,648 - INFO - Creating embeddings for 1 text chunks...
2024-12-09 17:31:57,648 - INFO - Creating embeddings for 1 text chunks...
2024-12-09 17:31:57,649 - INFO - Creating embeddings for 1 text chunks...
2024-12-09 17:31:57,649 - INFO - Creating embeddings for 1 text chunks...
2024-12-09 17:31:57,649 - INFO - Creating embeddings for 1 text chunks...
2024-12-09 17:31:57,649 - INFO - Creating embeddings for 1 text chunks...
2024-12-09 17:31:57,649 - INFO - Creating embeddings for 1 text chunks...
2024-12-09 17:31:57,650 - INFO - Creating embeddings for 1 text chunks...
2024-12-09 17:31:57,650 - INFO - Creating embeddings for 1 text chunks...
2024-12-09 17:31:57,650 - INFO - Creating embeddings for 1 text chunks...
2024-12-09 17:31:57,650 - INFO - Creating embeddings for 1 text chunks...
2024-12-09 17:31:57,650 - INFO - Creating embeddings for 1 text chunks...
2024-12-09 17:31:57,650 - INFO - Creating embeddings for 1 text chunks...
2024-12-09 17:31:57,650 - INFO - Creating embeddings for 1 text chunks...
2024-12-09 17:31:57,650 - INFO - Creating embeddings for 1 text chunks...
2024-12-09 17:31:57,650 - INFO - Creating embeddings for 1 text chunks...
2024-12-09 17:31:57,652 - INFO - Creating embeddings for 1 text chunks...
2024-12-09 17:31:57,652 - INFO - Creating embeddings for 1 text chunks...
2024-12-09 17:31:57,652 - INFO - Creating embeddings for 1 text chunks...
2024-12-09 17:31:57,652 - INFO - Creating embeddings for 1 text chunks...
2024-12-09 17:31:57,652 - INFO - Creating embeddings for 1 text chunks...
2024-12-09 17:31:57,652 - INFO - Creating embeddings for 1 text chunks...
2024-12-09 17:31:57,653 - INFO - Creating embeddings for 1 text chunks...
2024-12-09 17:31:57,653 - INFO - Creating embeddings for 1 text chunks...
2024-12-09 17:31:57,653 - INFO - Creating embeddings for 1 text chunks...
2024-12-09 17:31:57,653 - INFO - Creating embeddings for 1 text chunks...
2024-12-09 17:31:57,653 - INFO - Creating embeddings for 1 text chunks...
2024-12-09 17:31:57,653 - INFO - Creating embeddings for 1 text chunks...
2024-12-09 17:31:57,653 - INFO - Creating embeddings for 1 text chunks...
2024-12-09 17:31:57,653 - INFO - Creating embeddings for 1 text chunks...
2024-12-09 17:31:57,654 - INFO - Creating embeddings for 1 text chunks...
2024-12-09 17:31:57,654 - INFO - Creating embeddings for 1 text chunks...
2024-12-09 17:31:57,654 - INFO - Creating embeddings for 1 text chunks...
2024-12-09 17:31:57,654 - INFO - Creating embeddings for 1 text chunks...
2024-12-09 17:31:57,654 - INFO - Creating embeddings for 1 text chunks...
2024-12-09 17:31:57,654 - INFO - Creating embeddings for 1 text chunks...
2024-12-09 17:31:57,654 - INFO - Creating embeddings for 1 text chunks...
2024-12-09 17:31:57,654 - INFO - Creating embeddings for 1 text chunks...
2024-12-09 17:31:57,654 - INFO - Creating embeddings for 1 text chunks...
2024-12-09 17:31:57,655 - INFO - Creating embeddings for 1 text chunks...
2024-12-09 17:31:57,655 - INFO - Creating embeddings for 1 text chunks...
2024-12-09 17:31:57,655 - INFO - Creating embeddings for 1 text chunks...
2024-12-09 17:31:57,655 - INFO - Creating embeddings for 1 text chunks...
2024-12-09 17:31:57,655 - INFO - Creating embeddings for 1 text chunks...
2024-12-09 17:31:57,655 - INFO - Creating embeddings for 1 text chunks...
2024-12-09 17:31:57,655 - INFO - Creating embeddings for 1 text chunks...
2024-12-09 17:31:57,655 - INFO - Creating embeddings for 1 text chunks...
2024-12-09 17:31:57,656 - INFO - Creating embeddings for 1 text chunks...
2024-12-09 17:31:57,656 - INFO - Creating embeddings for 1 text chunks...
2024-12-09 17:31:57,656 - INFO - Creating embeddings for 1 text chunks...
2024-12-09 17:31:57,656 - INFO - Creating embeddings for 1 text chunks...
2024-12-09 17:31:57,656 - INFO - Creating embeddings for 1 text chunks...
2024-12-09 17:31:57,656 - INFO - Creating embeddings for 1 text chunks...
2024-12-09 17:31:57,656 - INFO - Creating embeddings for 1 text chunks...
2024-12-09 17:31:57,656 - INFO - Creating embeddings for 1 text chunks...
2024-12-09 17:31:57,657 - INFO - Creating embeddings for 1 text chunks...
2024-12-09 17:31:57,657 - INFO - Creating embeddings for 1 text chunks...
2024-12-09 17:31:57,657 - INFO - Creating embeddings for 1 text chunks...
2024-12-09 17:31:57,657 - INFO - Creating embeddings for 1 text chunks...
2024-12-09 17:31:57,657 - INFO - Creating embeddings for 1 text chunks...
2024-12-09 17:31:57,657 - INFO - Creating embeddings for 1 text chunks...
2024-12-09 17:31:57,657 - INFO - Creating embeddings for 1 text chunks...
2024-12-09 17:31:57,658 - INFO - Creating embeddings for 1 text chunks...
2024-12-09 17:31:57,658 - INFO - Creating embeddings for 1 text chunks...
2024-12-09 17:31:57,658 - INFO - Creating embeddings for 1 text chunks...
2024-12-09 17:31:57,659 - INFO - Creating embeddings for 1 text chunks...
2024-12-09 17:31:57,659 - INFO - Creating embeddings for 1 text chunks...
2024-12-09 17:31:57,659 - INFO - Creating embeddings for 1 text chunks...
2024-12-09 17:31:57,659 - INFO - Creating embeddings for 1 text chunks...
2024-12-09 17:31:57,659 - INFO - Creating embeddings for 1 text chunks...
2024-12-09 17:31:57,659 - INFO - Creating embeddings for 1 text chunks...
2024-12-09 17:31:57,659 - INFO - Creating embeddings for 1 text chunks...
2024-12-09 17:31:57,659 - INFO - Creating embeddings for 1 text chunks...
2024-12-09 17:31:57,660 - INFO - Creating embeddings for 1 text chunks...
2024-12-09 17:31:57,660 - INFO - Creating embeddings for 1 text chunks...
2024-12-09 17:31:57,660 - INFO - Creating embeddings for 1 text chunks...
2024-12-09 17:31:57,660 - INFO - Creating embeddings for 1 text chunks...
2024-12-09 17:31:57,660 - INFO - Creating embeddings for 1 text chunks...
2024-12-09 17:31:57,660 - INFO - Creating embeddings for 1 text chunks...
2024-12-09 17:31:57,660 - INFO - Creating embeddings for 1 text chunks...
2024-12-09 17:31:57,660 - INFO - Creating embeddings for 1 text chunks...
2024-12-09 17:31:57,660 - INFO - Creating embeddings for 1 text chunks...
2024-12-09 17:31:57,661 - INFO - Creating embeddings for 1 text chunks...
2024-12-09 17:31:57,661 - INFO - Creating embeddings for 1 text chunks...
2024-12-09 17:31:57,661 - INFO - Creating embeddings for 1 text chunks...
2024-12-09 17:31:57,661 - INFO - Creating embeddings for 1 text chunks...
2024-12-09 17:31:57,661 - INFO - Creating embeddings for 1 text chunks...
2024-12-09 17:31:57,661 - INFO - Creating embeddings for 1 text chunks...
2024-12-09 17:31:57,661 - INFO - Creating embeddings for 1 text chunks...
2024-12-09 17:31:57,661 - INFO - Creating embeddings for 1 text chunks...
2024-12-09 17:31:57,662 - INFO - Creating embeddings for 1 text chunks...
2024-12-09 17:31:57,662 - INFO - Creating embeddings for 1 text chunks...
2024-12-09 17:31:57,662 - INFO - Creating embeddings for 1 text chunks...
2024-12-09 17:31:57,662 - INFO - Creating embeddings for 1 text chunks...
2024-12-09 17:31:57,662 - INFO - Creating embeddings for 1 text chunks...
2024-12-09 17:31:57,662 - INFO - Creating embeddings for 1 text chunks...
2024-12-09 17:31:57,662 - INFO - Creating embeddings for 1 text chunks...
2024-12-09 17:31:57,662 - INFO - Creating embeddings for 1 text chunks...
2024-12-09 17:31:57,662 - INFO - Creating embeddings for 1 text chunks...
2024-12-09 17:31:57,662 - INFO - Creating embeddings for 1 text chunks...
2024-12-09 17:31:57,662 - INFO - Creating embeddings for 1 text chunks...
2024-12-09 17:31:57,662 - INFO - Creating embeddings for 1 text chunks...
2024-12-09 17:31:57,662 - INFO - Creating embeddings for 1 text chunks...
2024-12-09 17:31:57,663 - INFO - Creating embeddings for 1 text chunks...
2024-12-09 17:31:57,663 - INFO - Creating embeddings for 1 text chunks...
2024-12-09 17:31:57,663 - INFO - Creating embeddings for 1 text chunks...
2024-12-09 17:31:57,663 - INFO - Creating embeddings for 1 text chunks...
2024-12-09 17:31:57,663 - INFO - Creating embeddings for 1 text chunks...
2024-12-09 17:31:57,663 - INFO - Creating embeddings for 1 text chunks...
2024-12-09 17:31:57,663 - INFO - Creating embeddings for 1 text chunks...
2024-12-09 17:31:57,664 - INFO - Creating embeddings for 1 text chunks...
2024-12-09 17:31:57,664 - INFO - Creating embeddings for 1 text chunks...
2024-12-09 17:31:57,664 - INFO - Creating embeddings for 1 text chunks...
2024-12-09 17:31:57,665 - INFO - Creating embeddings for 1 text chunks...
2024-12-09 17:31:57,665 - INFO - Creating embeddings for 1 text chunks...
2024-12-09 17:31:57,666 - INFO - Creating embeddings for 1 text chunks...
2024-12-09 17:31:57,666 - INFO - Creating embeddings for 1 text chunks...
2024-12-09 17:31:57,666 - INFO - Creating embeddings for 1 text chunks...
2024-12-09 17:31:57,666 - INFO - Creating embeddings for 1 text chunks...
2024-12-09 17:31:57,667 - INFO - Creating embeddings for 1 text chunks...
2024-12-09 17:31:57,667 - INFO - Creating embeddings for 1 text chunks...
2024-12-09 17:31:57,667 - INFO - Creating embeddings for 1 text chunks...
2024-12-09 17:31:57,667 - INFO - Creating embeddings for 1 text chunks...
2024-12-09 17:31:57,667 - INFO - Creating embeddings for 1 text chunks...
2024-12-09 17:31:57,668 - INFO - Creating embeddings for 1 text chunks...
2024-12-09 17:31:57,668 - INFO - Creating embeddings for 1 text chunks...
2024-12-09 17:31:57,668 - INFO - Creating embeddings for 1 text chunks...
2024-12-09 17:31:57,668 - INFO - Creating embeddings for 1 text chunks...
2024-12-09 17:31:57,668 - INFO - Creating embeddings for 1 text chunks...
2024-12-09 17:31:57,669 - INFO - Creating embeddings for 1 text chunks...
2024-12-09 17:31:57,669 - INFO - Creating embeddings for 1 text chunks...
2024-12-09 17:31:57,669 - INFO - Creating embeddings for 1 text chunks...
2024-12-09 17:31:57,669 - INFO - Creating embeddings for 1 text chunks...
2024-12-09 17:31:57,669 - INFO - Creating embeddings for 1 text chunks...
2024-12-09 17:31:57,669 - INFO - Creating embeddings for 1 text chunks...
2024-12-09 17:31:57,669 - INFO - Creating embeddings for 1 text chunks...
2024-12-09 17:31:57,670 - INFO - Creating embeddings for 1 text chunks...
2024-12-09 17:31:57,670 - INFO - Creating embeddings for 1 text chunks...
2024-12-09 17:31:57,670 - INFO - Creating embeddings for 1 text chunks...
2024-12-09 17:31:57,670 - INFO - Creating embeddings for 1 text chunks...
2024-12-09 17:31:57,670 - INFO - Creating embeddings for 1 text chunks...
2024-12-09 17:31:57,670 - INFO - Creating embeddings for 1 text chunks...
2024-12-09 17:31:57,670 - INFO - Creating embeddings for 1 text chunks...
2024-12-09 17:31:57,672 - INFO - Creating embeddings for 1 text chunks...
2024-12-09 17:31:57,672 - INFO - Creating embeddings for 1 text chunks...
2024-12-09 17:31:57,672 - INFO - Creating embeddings for 1 text chunks...
2024-12-09 17:31:57,673 - INFO - Creating embeddings for 1 text chunks...
2024-12-09 17:31:57,673 - INFO - Creating embeddings for 1 text chunks...
2024-12-09 17:31:57,673 - INFO - Creating embeddings for 1 text chunks...
2024-12-09 17:31:57,674 - INFO - Creating embeddings for 1 text chunks...
2024-12-09 17:31:57,674 - INFO - Creating embeddings for 1 text chunks...
2024-12-09 17:31:57,674 - INFO - Creating embeddings for 1 text chunks...
2024-12-09 17:31:57,674 - INFO - Creating embeddings for 1 text chunks...
2024-12-09 17:31:57,674 - INFO - Creating embeddings for 1 text chunks...
2024-12-09 17:31:57,674 - INFO - Creating embeddings for 1 text chunks...
2024-12-09 17:31:57,675 - INFO - Creating embeddings for 1 text chunks...
2024-12-09 17:31:57,675 - INFO - Creating embeddings for 1 text chunks...
2024-12-09 17:31:57,675 - INFO - Creating embeddings for 1 text chunks...
2024-12-09 17:31:57,675 - INFO - Creating embeddings for 1 text chunks...
2024-12-09 17:31:57,675 - INFO - Creating embeddings for 1 text chunks...
2024-12-09 17:31:57,675 - INFO - Creating embeddings for 1 text chunks...
2024-12-09 17:31:57,675 - INFO - Creating embeddings for 1 text chunks...
2024-12-09 17:31:57,676 - INFO - Creating embeddings for 1 text chunks...
2024-12-09 17:31:57,676 - INFO - Creating embeddings for 1 text chunks...
2024-12-09 17:31:57,676 - INFO - Creating embeddings for 1 text chunks...
2024-12-09 17:31:57,676 - INFO - Creating embeddings for 1 text chunks...
2024-12-09 17:31:57,676 - INFO - Creating embeddings for 1 text chunks...
2024-12-09 17:31:57,676 - INFO - Creating embeddings for 1 text chunks...
2024-12-09 17:31:57,677 - INFO - Creating embeddings for 1 text chunks...
2024-12-09 17:31:57,677 - INFO - Creating embeddings for 1 text chunks...
2024-12-09 17:31:57,677 - INFO - Creating embeddings for 1 text chunks...
2024-12-09 17:31:57,677 - INFO - Creating embeddings for 1 text chunks...
2024-12-09 17:31:57,677 - INFO - Creating embeddings for 1 text chunks...
2024-12-09 17:31:57,678 - INFO - Creating embeddings for 1 text chunks...
2024-12-09 17:31:57,678 - INFO - Creating embeddings for 1 text chunks...
2024-12-09 17:31:57,678 - INFO - Creating embeddings for 1 text chunks...
2024-12-09 17:31:57,678 - INFO - Creating embeddings for 1 text chunks...
2024-12-09 17:31:57,678 - INFO - Creating embeddings for 1 text chunks...
2024-12-09 17:31:57,678 - INFO - Creating embeddings for 1 text chunks...
2024-12-09 17:31:57,679 - INFO - Creating embeddings for 1 text chunks...
2024-12-09 17:31:57,679 - INFO - Creating embeddings for 1 text chunks...
2024-12-09 17:31:57,679 - INFO - Creating embeddings for 1 text chunks...
2024-12-09 17:31:57,679 - INFO - Creating embeddings for 1 text chunks...
2024-12-09 17:31:57,679 - INFO - Creating embeddings for 1 text chunks...
2024-12-09 17:31:57,679 - INFO - Creating embeddings for 1 text chunks...
2024-12-09 17:31:57,679 - INFO - Creating embeddings for 1 text chunks...
2024-12-09 17:31:57,680 - INFO - Creating embeddings for 1 text chunks...
2024-12-09 17:31:57,680 - INFO - Creating embeddings for 1 text chunks...
2024-12-09 17:31:57,680 - INFO - Creating embeddings for 1 text chunks...
2024-12-09 17:31:57,680 - INFO - Creating embeddings for 1 text chunks...
2024-12-09 17:31:57,680 - INFO - Creating embeddings for 1 text chunks...
2024-12-09 17:31:57,680 - INFO - Creating embeddings for 1 text chunks...
2024-12-09 17:31:57,680 - INFO - Creating embeddings for 1 text chunks...
2024-12-09 17:31:57,681 - INFO - Creating embeddings for 1 text chunks...
2024-12-09 17:31:57,681 - INFO - Creating embeddings for 1 text chunks...
2024-12-09 17:31:57,681 - INFO - Creating embeddings for 1 text chunks...
2024-12-09 17:31:57,681 - INFO - Creating embeddings for 1 text chunks...
2024-12-09 17:31:57,682 - INFO - Creating embeddings for 1 text chunks...
2024-12-09 17:31:57,682 - INFO - Creating embeddings for 1 text chunks...
2024-12-09 17:31:57,682 - INFO - Creating embeddings for 1 text chunks...
2024-12-09 17:31:57,682 - INFO - Creating embeddings for 1 text chunks...
2024-12-09 17:31:57,683 - INFO - Creating embeddings for 1 text chunks...
2024-12-09 17:31:57,683 - INFO - Creating embeddings for 1 text chunks...
2024-12-09 17:31:57,683 - INFO - Creating embeddings for 1 text chunks...
2024-12-09 17:31:57,683 - INFO - Creating embeddings for 1 text chunks...
2024-12-09 17:31:57,683 - INFO - Creating embeddings for 1 text chunks...
2024-12-09 17:31:57,683 - INFO - Creating embeddings for 1 text chunks...
2024-12-09 17:31:57,684 - INFO - Creating embeddings for 1 text chunks...
2024-12-09 17:31:57,684 - INFO - Creating embeddings for 1 text chunks...
2024-12-09 17:31:57,684 - INFO - Creating embeddings for 1 text chunks...
2024-12-09 17:31:57,684 - INFO - Creating embeddings for 1 text chunks...
2024-12-09 17:31:57,684 - INFO - Creating embeddings for 1 text chunks...
2024-12-09 17:31:57,684 - INFO - Creating embeddings for 1 text chunks...
2024-12-09 17:31:57,685 - INFO - Creating embeddings for 1 text chunks...
2024-12-09 17:31:57,685 - INFO - Creating embeddings for 1 text chunks...
2024-12-09 17:31:57,685 - INFO - Creating embeddings for 1 text chunks...
2024-12-09 17:31:57,686 - INFO - Creating embeddings for 1 text chunks...
2024-12-09 17:31:57,686 - INFO - Creating embeddings for 1 text chunks...
2024-12-09 17:31:57,686 - INFO - Creating embeddings for 1 text chunks...
2024-12-09 17:31:57,686 - INFO - Creating embeddings for 1 text chunks...
2024-12-09 17:31:57,686 - INFO - Creating embeddings for 1 text chunks...
2024-12-09 17:31:57,686 - INFO - Creating embeddings for 1 text chunks...
2024-12-09 17:31:57,687 - INFO - Creating embeddings for 1 text chunks...
2024-12-09 17:31:57,687 - INFO - Creating embeddings for 1 text chunks...
2024-12-09 17:31:57,687 - INFO - Creating embeddings for 1 text chunks...
2024-12-09 17:31:57,687 - INFO - Creating embeddings for 1 text chunks...
2024-12-09 17:31:57,687 - INFO - Creating embeddings for 1 text chunks...
2024-12-09 17:31:57,688 - INFO - Creating embeddings for 1 text chunks...
2024-12-09 17:31:57,688 - INFO - Creating embeddings for 1 text chunks...
2024-12-09 17:31:57,688 - INFO - Creating embeddings for 1 text chunks...
2024-12-09 17:31:57,688 - INFO - Creating embeddings for 1 text chunks...
2024-12-09 17:31:57,689 - INFO - Creating embeddings for 1 text chunks...
2024-12-09 17:31:57,689 - INFO - Creating embeddings for 1 text chunks...
2024-12-09 17:31:57,689 - INFO - Creating embeddings for 1 text chunks...
2024-12-09 17:31:57,689 - INFO - Creating embeddings for 1 text chunks...
2024-12-09 17:31:57,689 - INFO - Creating embeddings for 1 text chunks...
2024-12-09 17:31:57,689 - INFO - Creating embeddings for 1 text chunks...
2024-12-09 17:31:57,690 - INFO - Creating embeddings for 1 text chunks...
2024-12-09 17:31:57,690 - INFO - Creating embeddings for 1 text chunks...
2024-12-09 17:31:57,690 - INFO - Creating embeddings for 1 text chunks...
2024-12-09 17:31:57,690 - INFO - Creating embeddings for 1 text chunks...
2024-12-09 17:31:57,690 - INFO - Creating embeddings for 1 text chunks...
2024-12-09 17:31:57,691 - INFO - Creating embeddings for 1 text chunks...
2024-12-09 17:31:57,691 - INFO - Creating embeddings for 1 text chunks...
2024-12-09 17:31:57,691 - INFO - Creating embeddings for 1 text chunks...
2024-12-09 17:31:57,691 - INFO - Creating embeddings for 1 text chunks...
2024-12-09 17:31:57,691 - INFO - Creating embeddings for 1 text chunks...
2024-12-09 17:31:57,692 - INFO - Creating embeddings for 1 text chunks...
2024-12-09 17:31:57,692 - INFO - Creating embeddings for 1 text chunks...
2024-12-09 17:31:57,692 - INFO - Creating embeddings for 1 text chunks...
2024-12-09 17:31:57,692 - INFO - Creating embeddings for 1 text chunks...
2024-12-09 17:31:57,693 - INFO - Creating embeddings for 1 text chunks...
2024-12-09 17:31:57,693 - INFO - Creating embeddings for 1 text chunks...
2024-12-09 17:31:57,693 - INFO - Creating embeddings for 1 text chunks...
2024-12-09 17:31:57,693 - INFO - Creating embeddings for 1 text chunks...
2024-12-09 17:31:57,693 - INFO - Creating embeddings for 1 text chunks...
2024-12-09 17:31:57,693 - INFO - Creating embeddings for 1 text chunks...
2024-12-09 17:31:57,694 - INFO - Creating embeddings for 1 text chunks...
2024-12-09 17:31:57,694 - INFO - Creating embeddings for 1 text chunks...
2024-12-09 17:31:57,694 - INFO - Creating embeddings for 1 text chunks...
2024-12-09 17:31:57,694 - INFO - Creating embeddings for 1 text chunks...
2024-12-09 17:31:57,694 - INFO - Creating embeddings for 1 text chunks...
2024-12-09 17:31:57,694 - INFO - Creating embeddings for 1 text chunks...
2024-12-09 17:31:57,695 - INFO - Creating embeddings for 1 text chunks...
2024-12-09 17:31:57,695 - INFO - Creating embeddings for 1 text chunks...
2024-12-09 17:31:57,695 - INFO - Creating embeddings for 1 text chunks...
2024-12-09 17:31:57,695 - INFO - Creating embeddings for 1 text chunks...
2024-12-09 17:31:57,695 - INFO - Creating embeddings for 1 text chunks...
2024-12-09 17:31:57,695 - INFO - Creating embeddings for 1 text chunks...
2024-12-09 17:31:57,696 - INFO - Creating embeddings for 1 text chunks...
2024-12-09 17:31:57,696 - INFO - Creating embeddings for 1 text chunks...
2024-12-09 17:31:57,696 - INFO - Creating embeddings for 1 text chunks...
2024-12-09 17:31:57,696 - INFO - Creating embeddings for 1 text chunks...
2024-12-09 17:31:57,696 - INFO - Creating embeddings for 1 text chunks...
2024-12-09 17:31:57,697 - INFO - Creating embeddings for 1 text chunks...
2024-12-09 17:31:57,697 - INFO - Creating embeddings for 1 text chunks...
2024-12-09 17:31:57,697 - INFO - Creating embeddings for 1 text chunks...
2024-12-09 17:31:57,697 - INFO - Creating embeddings for 1 text chunks...
2024-12-09 17:31:57,697 - INFO - Creating embeddings for 1 text chunks...
2024-12-09 17:31:57,698 - INFO - Creating embeddings for 1 text chunks...
2024-12-09 17:31:57,698 - INFO - Creating embeddings for 1 text chunks...
2024-12-09 17:31:57,698 - INFO - Creating embeddings for 1 text chunks...
2024-12-09 17:31:57,699 - INFO - Creating embeddings for 1 text chunks...
2024-12-09 17:31:57,699 - INFO - Creating embeddings for 1 text chunks...
2024-12-09 17:31:57,699 - INFO - Creating embeddings for 1 text chunks...
2024-12-09 17:31:57,699 - INFO - Creating embeddings for 1 text chunks...
2024-12-09 17:31:57,700 - INFO - Creating embeddings for 1 text chunks...
2024-12-09 17:31:57,700 - INFO - Creating embeddings for 1 text chunks...
2024-12-09 17:31:57,700 - INFO - Creating embeddings for 1 text chunks...
2024-12-09 17:31:57,700 - INFO - Creating embeddings for 1 text chunks...
2024-12-09 17:31:57,700 - INFO - Creating embeddings for 1 text chunks...
2024-12-09 17:31:57,700 - INFO - Creating embeddings for 1 text chunks...
2024-12-09 17:31:57,701 - INFO - Creating embeddings for 1 text chunks...
2024-12-09 17:31:57,701 - INFO - Creating embeddings for 1 text chunks...
2024-12-09 17:31:57,701 - INFO - Creating embeddings for 1 text chunks...
2024-12-09 17:31:57,701 - INFO - Creating embeddings for 1 text chunks...
2024-12-09 17:31:57,701 - INFO - Creating embeddings for 1 text chunks...
2024-12-09 17:31:57,701 - INFO - Creating embeddings for 1 text chunks...
2024-12-09 17:31:57,701 - INFO - Creating embeddings for 1 text chunks...
2024-12-09 17:31:57,701 - INFO - Creating embeddings for 1 text chunks...
2024-12-09 17:31:57,701 - INFO - Creating embeddings for 1 text chunks...
2024-12-09 17:31:57,703 - INFO - Creating embeddings for 1 text chunks...
2024-12-09 17:31:57,703 - INFO - Creating embeddings for 1 text chunks...
2024-12-09 17:31:57,703 - INFO - Creating embeddings for 1 text chunks...
2024-12-09 17:31:57,703 - INFO - Creating embeddings for 1 text chunks...
2024-12-09 17:31:57,703 - INFO - Creating embeddings for 1 text chunks...
2024-12-09 17:31:57,704 - INFO - Creating embeddings for 1 text chunks...
2024-12-09 17:31:57,704 - INFO - Creating embeddings for 1 text chunks...
2024-12-09 17:31:57,704 - INFO - Creating embeddings for 1 text chunks...
2024-12-09 17:31:57,705 - INFO - Creating embeddings for 1 text chunks...
2024-12-09 17:31:57,705 - INFO - Creating embeddings for 1 text chunks...
2024-12-09 17:31:57,705 - INFO - Creating embeddings for 1 text chunks...
2024-12-09 17:31:57,705 - INFO - Creating embeddings for 1 text chunks...
2024-12-09 17:31:57,706 - INFO - Creating embeddings for 1 text chunks...
2024-12-09 17:31:57,706 - INFO - Creating embeddings for 1 text chunks...
2024-12-09 17:31:57,706 - INFO - Creating embeddings for 1 text chunks...
2024-12-09 17:31:57,706 - INFO - Creating embeddings for 1 text chunks...
2024-12-09 17:31:57,706 - INFO - Creating embeddings for 1 text chunks...
2024-12-09 17:31:57,706 - INFO - Creating embeddings for 1 text chunks...
2024-12-09 17:31:57,707 - INFO - Creating embeddings for 1 text chunks...
2024-12-09 17:31:57,707 - INFO - Creating embeddings for 1 text chunks...
2024-12-09 17:31:57,707 - INFO - Creating embeddings for 1 text chunks...
2024-12-09 17:31:57,707 - INFO - Creating embeddings for 1 text chunks...
2024-12-09 17:31:57,708 - INFO - Creating embeddings for 1 text chunks...
2024-12-09 17:31:57,708 - INFO - Creating embeddings for 1 text chunks...
2024-12-09 17:31:57,708 - INFO - Creating embeddings for 1 text chunks...
2024-12-09 17:31:57,708 - INFO - Creating embeddings for 1 text chunks...
2024-12-09 17:31:57,708 - INFO - Creating embeddings for 1 text chunks...
2024-12-09 17:31:57,709 - INFO - Creating embeddings for 1 text chunks...
2024-12-09 17:31:57,709 - INFO - Creating embeddings for 1 text chunks...
2024-12-09 17:31:57,709 - INFO - Creating embeddings for 1 text chunks...
2024-12-09 17:31:57,709 - INFO - Creating embeddings for 1 text chunks...
2024-12-09 17:31:57,709 - INFO - Creating embeddings for 1 text chunks...
2024-12-09 17:31:57,710 - INFO - Creating embeddings for 1 text chunks...
2024-12-09 17:31:57,710 - INFO - Creating embeddings for 1 text chunks...
2024-12-09 17:31:57,710 - INFO - Creating embeddings for 1 text chunks...
2024-12-09 17:31:57,710 - INFO - Creating embeddings for 1 text chunks...
2024-12-09 17:31:57,710 - INFO - Creating embeddings for 1 text chunks...
2024-12-09 17:31:57,711 - INFO - Creating embeddings for 1 text chunks...
2024-12-09 17:31:57,711 - INFO - Creating embeddings for 1 text chunks...
2024-12-09 17:31:57,711 - INFO - Creating embeddings for 1 text chunks...
2024-12-09 17:31:57,711 - INFO - Creating embeddings for 1 text chunks...
2024-12-09 17:31:57,712 - INFO - Creating embeddings for 1 text chunks...
2024-12-09 17:31:57,712 - INFO - Creating embeddings for 1 text chunks...
2024-12-09 17:31:57,712 - INFO - Creating embeddings for 1 text chunks...
2024-12-09 17:31:57,712 - INFO - Creating embeddings for 1 text chunks...
2024-12-09 17:31:57,712 - INFO - Creating embeddings for 1 text chunks...
2024-12-09 17:31:57,713 - INFO - Creating embeddings for 1 text chunks...
2024-12-09 17:31:57,713 - INFO - Creating embeddings for 1 text chunks...
2024-12-09 17:31:57,713 - INFO - Creating embeddings for 1 text chunks...
2024-12-09 17:31:57,713 - INFO - Creating embeddings for 1 text chunks...
2024-12-09 17:31:57,713 - INFO - Creating embeddings for 1 text chunks...
2024-12-09 17:31:57,713 - INFO - Creating embeddings for 1 text chunks...
2024-12-09 17:31:57,713 - INFO - Creating embeddings for 1 text chunks...
2024-12-09 17:31:57,713 - INFO - Creating embeddings for 1 text chunks...
2024-12-09 17:31:57,714 - INFO - Creating embeddings for 1 text chunks...
2024-12-09 17:31:57,714 - INFO - Creating embeddings for 1 text chunks...
2024-12-09 17:31:57,714 - INFO - Creating embeddings for 1 text chunks...
2024-12-09 17:31:57,714 - INFO - Creating embeddings for 1 text chunks...
2024-12-09 17:31:57,714 - INFO - Creating embeddings for 1 text chunks...
2024-12-09 17:31:57,715 - INFO - Creating embeddings for 1 text chunks...
2024-12-09 17:31:57,715 - INFO - Creating embeddings for 1 text chunks...
2024-12-09 17:31:57,715 - INFO - Creating embeddings for 1 text chunks...
2024-12-09 17:31:57,715 - INFO - Creating embeddings for 1 text chunks...
2024-12-09 17:31:57,715 - INFO - Creating embeddings for 1 text chunks...
2024-12-09 17:31:57,716 - INFO - Creating embeddings for 1 text chunks...
2024-12-09 17:31:57,716 - INFO - Creating embeddings for 1 text chunks...
2024-12-09 17:31:57,716 - INFO - Creating embeddings for 1 text chunks...
2024-12-09 17:31:57,716 - INFO - Creating embeddings for 1 text chunks...
2024-12-09 17:31:57,716 - INFO - Creating embeddings for 1 text chunks...
2024-12-09 17:31:57,717 - INFO - Creating embeddings for 1 text chunks...
2024-12-09 17:31:57,717 - INFO - Creating embeddings for 1 text chunks...
2024-12-09 17:31:57,717 - INFO - Creating embeddings for 1 text chunks...
2024-12-09 17:31:57,717 - INFO - Creating embeddings for 1 text chunks...
2024-12-09 17:31:57,717 - INFO - Creating embeddings for 1 text chunks...
2024-12-09 17:31:57,718 - INFO - Creating embeddings for 1 text chunks...
2024-12-09 17:31:57,718 - INFO - Creating embeddings for 1 text chunks...
2024-12-09 17:31:57,718 - INFO - Creating embeddings for 1 text chunks...
2024-12-09 17:31:57,718 - INFO - Creating embeddings for 1 text chunks...
2024-12-09 17:31:57,719 - INFO - Creating embeddings for 1 text chunks...
2024-12-09 17:31:57,719 - INFO - Creating embeddings for 1 text chunks...
2024-12-09 17:31:57,719 - INFO - Creating embeddings for 1 text chunks...
2024-12-09 17:31:57,719 - INFO - Creating embeddings for 1 text chunks...
2024-12-09 17:31:57,719 - INFO - Creating embeddings for 1 text chunks...
2024-12-09 17:31:57,720 - INFO - Creating embeddings for 1 text chunks...
2024-12-09 17:31:57,875 - ERROR - Error during test: maximum recursion depth exceeded
