2024-12-09 17:22:51,678 - INFO - Loading documents...
2024-12-09 17:22:53,020 - INFO - Processed Owners-guide_FINAL_July-26-2023.pdf - Types: []
2024-12-09 17:22:53,127 - ERROR - Error extracting PDF C:\Users\Dwbak\WEBDEV\condoai_rag\src\..\pdfs\YRSCC 1543 - October 1, 2024 BOD - Minutes.pdf: no such group
2024-12-09 17:22:53,128 - ERROR - Error processing YRSCC 1543 - October 1, 2024 BOD - Minutes.pdf: no such group
2024-12-09 17:22:53,238 - INFO - Processed YRSCC 1543 Management Report 2024.11.05.pdf - Types: ['minutes', 'governance']
2024-12-09 17:22:53,309 - INFO - Processed YRSCC 1543_Agenda_2024.11.05.pdf - Types: ['minutes', 'financial']
2024-12-09 17:22:55,296 - INFO - Anonymized telemetry enabled. See                     https://docs.trychroma.com/telemetry for more information.
2024-12-09 17:22:55,730 - INFO - Creating embeddings for 46 text chunks...
2024-12-09 17:22:55,732 - INFO - Creating embeddings for 1 text chunks...
2024-12-09 17:22:55,733 - INFO - Creating embeddings for 1 text chunks...
2024-12-09 17:22:55,735 - INFO - Creating embeddings for 1 text chunks...
2024-12-09 17:22:55,735 - INFO - Creating embeddings for 1 text chunks...
2024-12-09 17:22:55,736 - INFO - Creating embeddings for 1 text chunks...
2024-12-09 17:22:55,737 - INFO - Creating embeddings for 1 text chunks...
2024-12-09 17:22:55,737 - INFO - Creating embeddings for 1 text chunks...
2024-12-09 17:22:55,738 - INFO - Creating embeddings for 1 text chunks...
2024-12-09 17:22:55,738 - INFO - Creating embeddings for 1 text chunks...
2024-12-09 17:22:55,739 - INFO - Creating embeddings for 1 text chunks...
2024-12-09 17:22:55,739 - INFO - Creating embeddings for 1 text chunks...
2024-12-09 17:22:55,740 - INFO - Creating embeddings for 1 text chunks...
2024-12-09 17:22:55,740 - INFO - Creating embeddings for 1 text chunks...
2024-12-09 17:22:55,740 - INFO - Creating embeddings for 1 text chunks...
2024-12-09 17:22:55,740 - INFO - Creating embeddings for 1 text chunks...
2024-12-09 17:22:55,740 - INFO - Creating embeddings for 1 text chunks...
2024-12-09 17:22:55,740 - INFO - Creating embeddings for 1 text chunks...
2024-12-09 17:22:55,740 - INFO - Creating embeddings for 1 text chunks...
2024-12-09 17:22:55,741 - INFO - Creating embeddings for 1 text chunks...
2024-12-09 17:22:55,741 - INFO - Creating embeddings for 1 text chunks...
2024-12-09 17:22:55,741 - INFO - Creating embeddings for 1 text chunks...
2024-12-09 17:22:55,741 - INFO - Creating embeddings for 1 text chunks...
2024-12-09 17:22:55,741 - INFO - Creating embeddings for 1 text chunks...
2024-12-09 17:22:55,741 - INFO - Creating embeddings for 1 text chunks...
2024-12-09 17:22:55,741 - INFO - Creating embeddings for 1 text chunks...
2024-12-09 17:22:55,742 - INFO - Creating embeddings for 1 text chunks...
2024-12-09 17:22:55,742 - INFO - Creating embeddings for 1 text chunks...
2024-12-09 17:22:55,742 - INFO - Creating embeddings for 1 text chunks...
2024-12-09 17:22:55,742 - INFO - Creating embeddings for 1 text chunks...
2024-12-09 17:22:55,742 - INFO - Creating embeddings for 1 text chunks...
2024-12-09 17:22:55,742 - INFO - Creating embeddings for 1 text chunks...
2024-12-09 17:22:55,742 - INFO - Creating embeddings for 1 text chunks...
2024-12-09 17:22:55,743 - INFO - Creating embeddings for 1 text chunks...
2024-12-09 17:22:55,743 - INFO - Creating embeddings for 1 text chunks...
2024-12-09 17:22:55,743 - INFO - Creating embeddings for 1 text chunks...
2024-12-09 17:22:55,743 - INFO - Creating embeddings for 1 text chunks...
2024-12-09 17:22:55,743 - INFO - Creating embeddings for 1 text chunks...
2024-12-09 17:22:55,743 - INFO - Creating embeddings for 1 text chunks...
2024-12-09 17:22:55,743 - INFO - Creating embeddings for 1 text chunks...
2024-12-09 17:22:55,743 - INFO - Creating embeddings for 1 text chunks...
2024-12-09 17:22:55,743 - INFO - Creating embeddings for 1 text chunks...
2024-12-09 17:22:55,744 - INFO - Creating embeddings for 1 text chunks...
2024-12-09 17:22:55,744 - INFO - Creating embeddings for 1 text chunks...
2024-12-09 17:22:55,744 - INFO - Creating embeddings for 1 text chunks...
2024-12-09 17:22:55,744 - INFO - Creating embeddings for 1 text chunks...
2024-12-09 17:22:55,744 - INFO - Creating embeddings for 1 text chunks...
2024-12-09 17:22:55,744 - INFO - Creating embeddings for 1 text chunks...
2024-12-09 17:22:55,744 - INFO - Creating embeddings for 1 text chunks...
2024-12-09 17:22:55,744 - INFO - Creating embeddings for 1 text chunks...
2024-12-09 17:22:55,745 - INFO - Creating embeddings for 1 text chunks...
2024-12-09 17:22:55,745 - INFO - Creating embeddings for 1 text chunks...
2024-12-09 17:22:55,746 - INFO - Creating embeddings for 1 text chunks...
2024-12-09 17:22:55,746 - INFO - Creating embeddings for 1 text chunks...
2024-12-09 17:22:55,746 - INFO - Creating embeddings for 1 text chunks...
2024-12-09 17:22:55,746 - INFO - Creating embeddings for 1 text chunks...
2024-12-09 17:22:55,746 - INFO - Creating embeddings for 1 text chunks...
2024-12-09 17:22:55,747 - INFO - Creating embeddings for 1 text chunks...
2024-12-09 17:22:55,747 - INFO - Creating embeddings for 1 text chunks...
2024-12-09 17:22:55,747 - INFO - Creating embeddings for 1 text chunks...
2024-12-09 17:22:55,747 - INFO - Creating embeddings for 1 text chunks...
2024-12-09 17:22:55,747 - INFO - Creating embeddings for 1 text chunks...
2024-12-09 17:22:55,748 - INFO - Creating embeddings for 1 text chunks...
2024-12-09 17:22:55,748 - INFO - Creating embeddings for 1 text chunks...
2024-12-09 17:22:55,748 - INFO - Creating embeddings for 1 text chunks...
2024-12-09 17:22:55,748 - INFO - Creating embeddings for 1 text chunks...
2024-12-09 17:22:55,748 - INFO - Creating embeddings for 1 text chunks...
2024-12-09 17:22:55,748 - INFO - Creating embeddings for 1 text chunks...
2024-12-09 17:22:55,749 - INFO - Creating embeddings for 1 text chunks...
2024-12-09 17:22:55,749 - INFO - Creating embeddings for 1 text chunks...
2024-12-09 17:22:55,749 - INFO - Creating embeddings for 1 text chunks...
2024-12-09 17:22:55,749 - INFO - Creating embeddings for 1 text chunks...
2024-12-09 17:22:55,749 - INFO - Creating embeddings for 1 text chunks...
2024-12-09 17:22:55,749 - INFO - Creating embeddings for 1 text chunks...
2024-12-09 17:22:55,749 - INFO - Creating embeddings for 1 text chunks...
2024-12-09 17:22:55,749 - INFO - Creating embeddings for 1 text chunks...
2024-12-09 17:22:55,749 - INFO - Creating embeddings for 1 text chunks...
2024-12-09 17:22:55,750 - INFO - Creating embeddings for 1 text chunks...
2024-12-09 17:22:55,750 - INFO - Creating embeddings for 1 text chunks...
2024-12-09 17:22:55,750 - INFO - Creating embeddings for 1 text chunks...
2024-12-09 17:22:55,750 - INFO - Creating embeddings for 1 text chunks...
2024-12-09 17:22:55,750 - INFO - Creating embeddings for 1 text chunks...
2024-12-09 17:22:55,750 - INFO - Creating embeddings for 1 text chunks...
2024-12-09 17:22:55,750 - INFO - Creating embeddings for 1 text chunks...
2024-12-09 17:22:55,752 - INFO - Creating embeddings for 1 text chunks...
2024-12-09 17:22:55,752 - INFO - Creating embeddings for 1 text chunks...
2024-12-09 17:22:55,752 - INFO - Creating embeddings for 1 text chunks...
2024-12-09 17:22:55,752 - INFO - Creating embeddings for 1 text chunks...
2024-12-09 17:22:55,752 - INFO - Creating embeddings for 1 text chunks...
2024-12-09 17:22:55,752 - INFO - Creating embeddings for 1 text chunks...
2024-12-09 17:22:55,753 - INFO - Creating embeddings for 1 text chunks...
2024-12-09 17:22:55,753 - INFO - Creating embeddings for 1 text chunks...
2024-12-09 17:22:55,753 - INFO - Creating embeddings for 1 text chunks...
2024-12-09 17:22:55,753 - INFO - Creating embeddings for 1 text chunks...
2024-12-09 17:22:55,753 - INFO - Creating embeddings for 1 text chunks...
2024-12-09 17:22:55,753 - INFO - Creating embeddings for 1 text chunks...
2024-12-09 17:22:55,753 - INFO - Creating embeddings for 1 text chunks...
2024-12-09 17:22:55,753 - INFO - Creating embeddings for 1 text chunks...
2024-12-09 17:22:55,753 - INFO - Creating embeddings for 1 text chunks...
2024-12-09 17:22:55,754 - INFO - Creating embeddings for 1 text chunks...
2024-12-09 17:22:55,754 - INFO - Creating embeddings for 1 text chunks...
2024-12-09 17:22:55,754 - INFO - Creating embeddings for 1 text chunks...
2024-12-09 17:22:55,754 - INFO - Creating embeddings for 1 text chunks...
2024-12-09 17:22:55,754 - INFO - Creating embeddings for 1 text chunks...
2024-12-09 17:22:55,754 - INFO - Creating embeddings for 1 text chunks...
2024-12-09 17:22:55,754 - INFO - Creating embeddings for 1 text chunks...
2024-12-09 17:22:55,754 - INFO - Creating embeddings for 1 text chunks...
2024-12-09 17:22:55,755 - INFO - Creating embeddings for 1 text chunks...
2024-12-09 17:22:55,755 - INFO - Creating embeddings for 1 text chunks...
2024-12-09 17:22:55,755 - INFO - Creating embeddings for 1 text chunks...
2024-12-09 17:22:55,755 - INFO - Creating embeddings for 1 text chunks...
2024-12-09 17:22:55,755 - INFO - Creating embeddings for 1 text chunks...
2024-12-09 17:22:55,755 - INFO - Creating embeddings for 1 text chunks...
2024-12-09 17:22:55,755 - INFO - Creating embeddings for 1 text chunks...
2024-12-09 17:22:55,755 - INFO - Creating embeddings for 1 text chunks...
2024-12-09 17:22:55,756 - INFO - Creating embeddings for 1 text chunks...
2024-12-09 17:22:55,756 - INFO - Creating embeddings for 1 text chunks...
2024-12-09 17:22:55,756 - INFO - Creating embeddings for 1 text chunks...
2024-12-09 17:22:55,756 - INFO - Creating embeddings for 1 text chunks...
2024-12-09 17:22:55,756 - INFO - Creating embeddings for 1 text chunks...
2024-12-09 17:22:55,756 - INFO - Creating embeddings for 1 text chunks...
2024-12-09 17:22:55,756 - INFO - Creating embeddings for 1 text chunks...
2024-12-09 17:22:55,756 - INFO - Creating embeddings for 1 text chunks...
2024-12-09 17:22:55,756 - INFO - Creating embeddings for 1 text chunks...
2024-12-09 17:22:55,757 - INFO - Creating embeddings for 1 text chunks...
2024-12-09 17:22:55,757 - INFO - Creating embeddings for 1 text chunks...
2024-12-09 17:22:55,757 - INFO - Creating embeddings for 1 text chunks...
2024-12-09 17:22:55,757 - INFO - Creating embeddings for 1 text chunks...
2024-12-09 17:22:55,757 - INFO - Creating embeddings for 1 text chunks...
2024-12-09 17:22:55,757 - INFO - Creating embeddings for 1 text chunks...
2024-12-09 17:22:55,757 - INFO - Creating embeddings for 1 text chunks...
2024-12-09 17:22:55,757 - INFO - Creating embeddings for 1 text chunks...
2024-12-09 17:22:55,758 - INFO - Creating embeddings for 1 text chunks...
2024-12-09 17:22:55,758 - INFO - Creating embeddings for 1 text chunks...
2024-12-09 17:22:55,758 - INFO - Creating embeddings for 1 text chunks...
2024-12-09 17:22:55,758 - INFO - Creating embeddings for 1 text chunks...
2024-12-09 17:22:55,758 - INFO - Creating embeddings for 1 text chunks...
2024-12-09 17:22:55,759 - INFO - Creating embeddings for 1 text chunks...
2024-12-09 17:22:55,759 - INFO - Creating embeddings for 1 text chunks...
2024-12-09 17:22:55,759 - INFO - Creating embeddings for 1 text chunks...
2024-12-09 17:22:55,759 - INFO - Creating embeddings for 1 text chunks...
2024-12-09 17:22:55,759 - INFO - Creating embeddings for 1 text chunks...
2024-12-09 17:22:55,760 - INFO - Creating embeddings for 1 text chunks...
2024-12-09 17:22:55,760 - INFO - Creating embeddings for 1 text chunks...
2024-12-09 17:22:55,760 - INFO - Creating embeddings for 1 text chunks...
2024-12-09 17:22:55,760 - INFO - Creating embeddings for 1 text chunks...
2024-12-09 17:22:55,761 - INFO - Creating embeddings for 1 text chunks...
2024-12-09 17:22:55,761 - INFO - Creating embeddings for 1 text chunks...
2024-12-09 17:22:55,761 - INFO - Creating embeddings for 1 text chunks...
2024-12-09 17:22:55,761 - INFO - Creating embeddings for 1 text chunks...
2024-12-09 17:22:55,762 - INFO - Creating embeddings for 1 text chunks...
2024-12-09 17:22:55,762 - INFO - Creating embeddings for 1 text chunks...
2024-12-09 17:22:55,762 - INFO - Creating embeddings for 1 text chunks...
2024-12-09 17:22:55,762 - INFO - Creating embeddings for 1 text chunks...
2024-12-09 17:22:55,763 - INFO - Creating embeddings for 1 text chunks...
2024-12-09 17:22:55,763 - INFO - Creating embeddings for 1 text chunks...
2024-12-09 17:22:55,763 - INFO - Creating embeddings for 1 text chunks...
2024-12-09 17:22:55,763 - INFO - Creating embeddings for 1 text chunks...
2024-12-09 17:22:55,763 - INFO - Creating embeddings for 1 text chunks...
2024-12-09 17:22:55,764 - INFO - Creating embeddings for 1 text chunks...
2024-12-09 17:22:55,764 - INFO - Creating embeddings for 1 text chunks...
2024-12-09 17:22:55,764 - INFO - Creating embeddings for 1 text chunks...
2024-12-09 17:22:55,764 - INFO - Creating embeddings for 1 text chunks...
2024-12-09 17:22:55,764 - INFO - Creating embeddings for 1 text chunks...
2024-12-09 17:22:55,764 - INFO - Creating embeddings for 1 text chunks...
2024-12-09 17:22:55,764 - INFO - Creating embeddings for 1 text chunks...
2024-12-09 17:22:55,765 - INFO - Creating embeddings for 1 text chunks...
2024-12-09 17:22:55,765 - INFO - Creating embeddings for 1 text chunks...
2024-12-09 17:22:55,765 - INFO - Creating embeddings for 1 text chunks...
2024-12-09 17:22:55,765 - INFO - Creating embeddings for 1 text chunks...
2024-12-09 17:22:55,766 - INFO - Creating embeddings for 1 text chunks...
2024-12-09 17:22:55,766 - INFO - Creating embeddings for 1 text chunks...
2024-12-09 17:22:55,766 - INFO - Creating embeddings for 1 text chunks...
2024-12-09 17:22:55,766 - INFO - Creating embeddings for 1 text chunks...
2024-12-09 17:22:55,766 - INFO - Creating embeddings for 1 text chunks...
2024-12-09 17:22:55,766 - INFO - Creating embeddings for 1 text chunks...
2024-12-09 17:22:55,766 - INFO - Creating embeddings for 1 text chunks...
2024-12-09 17:22:55,766 - INFO - Creating embeddings for 1 text chunks...
2024-12-09 17:22:55,767 - INFO - Creating embeddings for 1 text chunks...
2024-12-09 17:22:55,767 - INFO - Creating embeddings for 1 text chunks...
2024-12-09 17:22:55,767 - INFO - Creating embeddings for 1 text chunks...
2024-12-09 17:22:55,767 - INFO - Creating embeddings for 1 text chunks...
2024-12-09 17:22:55,767 - INFO - Creating embeddings for 1 text chunks...
2024-12-09 17:22:55,767 - INFO - Creating embeddings for 1 text chunks...
2024-12-09 17:22:55,767 - INFO - Creating embeddings for 1 text chunks...
2024-12-09 17:22:55,767 - INFO - Creating embeddings for 1 text chunks...
2024-12-09 17:22:55,767 - INFO - Creating embeddings for 1 text chunks...
2024-12-09 17:22:55,768 - INFO - Creating embeddings for 1 text chunks...
2024-12-09 17:22:55,768 - INFO - Creating embeddings for 1 text chunks...
2024-12-09 17:22:55,768 - INFO - Creating embeddings for 1 text chunks...
2024-12-09 17:22:55,768 - INFO - Creating embeddings for 1 text chunks...
2024-12-09 17:22:55,768 - INFO - Creating embeddings for 1 text chunks...
2024-12-09 17:22:55,768 - INFO - Creating embeddings for 1 text chunks...
2024-12-09 17:22:55,768 - INFO - Creating embeddings for 1 text chunks...
2024-12-09 17:22:55,768 - INFO - Creating embeddings for 1 text chunks...
2024-12-09 17:22:55,769 - INFO - Creating embeddings for 1 text chunks...
2024-12-09 17:22:55,769 - INFO - Creating embeddings for 1 text chunks...
2024-12-09 17:22:55,769 - INFO - Creating embeddings for 1 text chunks...
2024-12-09 17:22:55,769 - INFO - Creating embeddings for 1 text chunks...
2024-12-09 17:22:55,769 - INFO - Creating embeddings for 1 text chunks...
2024-12-09 17:22:55,769 - INFO - Creating embeddings for 1 text chunks...
2024-12-09 17:22:55,769 - INFO - Creating embeddings for 1 text chunks...
2024-12-09 17:22:55,769 - INFO - Creating embeddings for 1 text chunks...
2024-12-09 17:22:55,770 - INFO - Creating embeddings for 1 text chunks...
2024-12-09 17:22:55,770 - INFO - Creating embeddings for 1 text chunks...
2024-12-09 17:22:55,770 - INFO - Creating embeddings for 1 text chunks...
2024-12-09 17:22:55,770 - INFO - Creating embeddings for 1 text chunks...
2024-12-09 17:22:55,770 - INFO - Creating embeddings for 1 text chunks...
2024-12-09 17:22:55,770 - INFO - Creating embeddings for 1 text chunks...
2024-12-09 17:22:55,770 - INFO - Creating embeddings for 1 text chunks...
2024-12-09 17:22:55,772 - INFO - Creating embeddings for 1 text chunks...
2024-12-09 17:22:55,772 - INFO - Creating embeddings for 1 text chunks...
2024-12-09 17:22:55,772 - INFO - Creating embeddings for 1 text chunks...
2024-12-09 17:22:55,772 - INFO - Creating embeddings for 1 text chunks...
2024-12-09 17:22:55,772 - INFO - Creating embeddings for 1 text chunks...
2024-12-09 17:22:55,773 - INFO - Creating embeddings for 1 text chunks...
2024-12-09 17:22:55,773 - INFO - Creating embeddings for 1 text chunks...
2024-12-09 17:22:55,773 - INFO - Creating embeddings for 1 text chunks...
2024-12-09 17:22:55,773 - INFO - Creating embeddings for 1 text chunks...
2024-12-09 17:22:55,773 - INFO - Creating embeddings for 1 text chunks...
2024-12-09 17:22:55,773 - INFO - Creating embeddings for 1 text chunks...
2024-12-09 17:22:55,773 - INFO - Creating embeddings for 1 text chunks...
2024-12-09 17:22:55,774 - INFO - Creating embeddings for 1 text chunks...
2024-12-09 17:22:55,774 - INFO - Creating embeddings for 1 text chunks...
2024-12-09 17:22:55,774 - INFO - Creating embeddings for 1 text chunks...
2024-12-09 17:22:55,774 - INFO - Creating embeddings for 1 text chunks...
2024-12-09 17:22:55,774 - INFO - Creating embeddings for 1 text chunks...
2024-12-09 17:22:55,774 - INFO - Creating embeddings for 1 text chunks...
2024-12-09 17:22:55,775 - INFO - Creating embeddings for 1 text chunks...
2024-12-09 17:22:55,775 - INFO - Creating embeddings for 1 text chunks...
2024-12-09 17:22:55,775 - INFO - Creating embeddings for 1 text chunks...
2024-12-09 17:22:55,775 - INFO - Creating embeddings for 1 text chunks...
2024-12-09 17:22:55,775 - INFO - Creating embeddings for 1 text chunks...
2024-12-09 17:22:55,776 - INFO - Creating embeddings for 1 text chunks...
2024-12-09 17:22:55,776 - INFO - Creating embeddings for 1 text chunks...
2024-12-09 17:22:55,776 - INFO - Creating embeddings for 1 text chunks...
2024-12-09 17:22:55,777 - INFO - Creating embeddings for 1 text chunks...
2024-12-09 17:22:55,777 - INFO - Creating embeddings for 1 text chunks...
2024-12-09 17:22:55,777 - INFO - Creating embeddings for 1 text chunks...
2024-12-09 17:22:55,777 - INFO - Creating embeddings for 1 text chunks...
2024-12-09 17:22:55,778 - INFO - Creating embeddings for 1 text chunks...
2024-12-09 17:22:55,778 - INFO - Creating embeddings for 1 text chunks...
2024-12-09 17:22:55,778 - INFO - Creating embeddings for 1 text chunks...
2024-12-09 17:22:55,779 - INFO - Creating embeddings for 1 text chunks...
2024-12-09 17:22:55,779 - INFO - Creating embeddings for 1 text chunks...
2024-12-09 17:22:55,779 - INFO - Creating embeddings for 1 text chunks...
2024-12-09 17:22:55,779 - INFO - Creating embeddings for 1 text chunks...
2024-12-09 17:22:55,779 - INFO - Creating embeddings for 1 text chunks...
2024-12-09 17:22:55,780 - INFO - Creating embeddings for 1 text chunks...
2024-12-09 17:22:55,780 - INFO - Creating embeddings for 1 text chunks...
2024-12-09 17:22:55,780 - INFO - Creating embeddings for 1 text chunks...
2024-12-09 17:22:55,780 - INFO - Creating embeddings for 1 text chunks...
2024-12-09 17:22:55,780 - INFO - Creating embeddings for 1 text chunks...
2024-12-09 17:22:55,780 - INFO - Creating embeddings for 1 text chunks...
2024-12-09 17:22:55,781 - INFO - Creating embeddings for 1 text chunks...
2024-12-09 17:22:55,781 - INFO - Creating embeddings for 1 text chunks...
2024-12-09 17:22:55,781 - INFO - Creating embeddings for 1 text chunks...
2024-12-09 17:22:55,781 - INFO - Creating embeddings for 1 text chunks...
2024-12-09 17:22:55,781 - INFO - Creating embeddings for 1 text chunks...
2024-12-09 17:22:55,781 - INFO - Creating embeddings for 1 text chunks...
2024-12-09 17:22:55,782 - INFO - Creating embeddings for 1 text chunks...
2024-12-09 17:22:55,782 - INFO - Creating embeddings for 1 text chunks...
2024-12-09 17:22:55,782 - INFO - Creating embeddings for 1 text chunks...
2024-12-09 17:22:55,782 - INFO - Creating embeddings for 1 text chunks...
2024-12-09 17:22:55,783 - INFO - Creating embeddings for 1 text chunks...
2024-12-09 17:22:55,783 - INFO - Creating embeddings for 1 text chunks...
2024-12-09 17:22:55,783 - INFO - Creating embeddings for 1 text chunks...
2024-12-09 17:22:55,783 - INFO - Creating embeddings for 1 text chunks...
2024-12-09 17:22:55,784 - INFO - Creating embeddings for 1 text chunks...
2024-12-09 17:22:55,784 - INFO - Creating embeddings for 1 text chunks...
2024-12-09 17:22:55,784 - INFO - Creating embeddings for 1 text chunks...
2024-12-09 17:22:55,784 - INFO - Creating embeddings for 1 text chunks...
2024-12-09 17:22:55,784 - INFO - Creating embeddings for 1 text chunks...
2024-12-09 17:22:55,784 - INFO - Creating embeddings for 1 text chunks...
2024-12-09 17:22:55,785 - INFO - Creating embeddings for 1 text chunks...
2024-12-09 17:22:55,785 - INFO - Creating embeddings for 1 text chunks...
2024-12-09 17:22:55,785 - INFO - Creating embeddings for 1 text chunks...
2024-12-09 17:22:55,785 - INFO - Creating embeddings for 1 text chunks...
2024-12-09 17:22:55,786 - INFO - Creating embeddings for 1 text chunks...
2024-12-09 17:22:55,786 - INFO - Creating embeddings for 1 text chunks...
2024-12-09 17:22:55,786 - INFO - Creating embeddings for 1 text chunks...
2024-12-09 17:22:55,786 - INFO - Creating embeddings for 1 text chunks...
2024-12-09 17:22:55,787 - INFO - Creating embeddings for 1 text chunks...
2024-12-09 17:22:55,787 - INFO - Creating embeddings for 1 text chunks...
2024-12-09 17:22:55,787 - INFO - Creating embeddings for 1 text chunks...
2024-12-09 17:22:55,787 - INFO - Creating embeddings for 1 text chunks...
2024-12-09 17:22:55,788 - INFO - Creating embeddings for 1 text chunks...
2024-12-09 17:22:55,788 - INFO - Creating embeddings for 1 text chunks...
2024-12-09 17:22:55,788 - INFO - Creating embeddings for 1 text chunks...
2024-12-09 17:22:55,788 - INFO - Creating embeddings for 1 text chunks...
2024-12-09 17:22:55,788 - INFO - Creating embeddings for 1 text chunks...
2024-12-09 17:22:55,789 - INFO - Creating embeddings for 1 text chunks...
2024-12-09 17:22:55,789 - INFO - Creating embeddings for 1 text chunks...
2024-12-09 17:22:55,789 - INFO - Creating embeddings for 1 text chunks...
2024-12-09 17:22:55,789 - INFO - Creating embeddings for 1 text chunks...
2024-12-09 17:22:55,789 - INFO - Creating embeddings for 1 text chunks...
2024-12-09 17:22:55,789 - INFO - Creating embeddings for 1 text chunks...
2024-12-09 17:22:55,789 - INFO - Creating embeddings for 1 text chunks...
2024-12-09 17:22:55,790 - INFO - Creating embeddings for 1 text chunks...
2024-12-09 17:22:55,790 - INFO - Creating embeddings for 1 text chunks...
2024-12-09 17:22:55,790 - INFO - Creating embeddings for 1 text chunks...
2024-12-09 17:22:55,790 - INFO - Creating embeddings for 1 text chunks...
2024-12-09 17:22:55,790 - INFO - Creating embeddings for 1 text chunks...
2024-12-09 17:22:55,791 - INFO - Creating embeddings for 1 text chunks...
2024-12-09 17:22:55,791 - INFO - Creating embeddings for 1 text chunks...
2024-12-09 17:22:55,791 - INFO - Creating embeddings for 1 text chunks...
2024-12-09 17:22:55,791 - INFO - Creating embeddings for 1 text chunks...
2024-12-09 17:22:55,792 - INFO - Creating embeddings for 1 text chunks...
2024-12-09 17:22:55,792 - INFO - Creating embeddings for 1 text chunks...
2024-12-09 17:22:55,793 - INFO - Creating embeddings for 1 text chunks...
2024-12-09 17:22:55,793 - INFO - Creating embeddings for 1 text chunks...
2024-12-09 17:22:55,794 - INFO - Creating embeddings for 1 text chunks...
2024-12-09 17:22:55,794 - INFO - Creating embeddings for 1 text chunks...
2024-12-09 17:22:55,794 - INFO - Creating embeddings for 1 text chunks...
2024-12-09 17:22:55,795 - INFO - Creating embeddings for 1 text chunks...
2024-12-09 17:22:55,795 - INFO - Creating embeddings for 1 text chunks...
2024-12-09 17:22:55,795 - INFO - Creating embeddings for 1 text chunks...
2024-12-09 17:22:55,795 - INFO - Creating embeddings for 1 text chunks...
2024-12-09 17:22:55,795 - INFO - Creating embeddings for 1 text chunks...
2024-12-09 17:22:55,796 - INFO - Creating embeddings for 1 text chunks...
2024-12-09 17:22:55,796 - INFO - Creating embeddings for 1 text chunks...
2024-12-09 17:22:55,796 - INFO - Creating embeddings for 1 text chunks...
2024-12-09 17:22:55,796 - INFO - Creating embeddings for 1 text chunks...
2024-12-09 17:22:55,796 - INFO - Creating embeddings for 1 text chunks...
2024-12-09 17:22:55,797 - INFO - Creating embeddings for 1 text chunks...
2024-12-09 17:22:55,797 - INFO - Creating embeddings for 1 text chunks...
2024-12-09 17:22:55,797 - INFO - Creating embeddings for 1 text chunks...
2024-12-09 17:22:55,797 - INFO - Creating embeddings for 1 text chunks...
2024-12-09 17:22:55,797 - INFO - Creating embeddings for 1 text chunks...
2024-12-09 17:22:55,797 - INFO - Creating embeddings for 1 text chunks...
2024-12-09 17:22:55,798 - INFO - Creating embeddings for 1 text chunks...
2024-12-09 17:22:55,798 - INFO - Creating embeddings for 1 text chunks...
2024-12-09 17:22:55,798 - INFO - Creating embeddings for 1 text chunks...
2024-12-09 17:22:55,798 - INFO - Creating embeddings for 1 text chunks...
2024-12-09 17:22:55,798 - INFO - Creating embeddings for 1 text chunks...
2024-12-09 17:22:55,798 - INFO - Creating embeddings for 1 text chunks...
2024-12-09 17:22:55,798 - INFO - Creating embeddings for 1 text chunks...
2024-12-09 17:22:55,799 - INFO - Creating embeddings for 1 text chunks...
2024-12-09 17:22:55,799 - INFO - Creating embeddings for 1 text chunks...
2024-12-09 17:22:55,799 - INFO - Creating embeddings for 1 text chunks...
2024-12-09 17:22:55,799 - INFO - Creating embeddings for 1 text chunks...
2024-12-09 17:22:55,799 - INFO - Creating embeddings for 1 text chunks...
2024-12-09 17:22:55,800 - INFO - Creating embeddings for 1 text chunks...
2024-12-09 17:22:55,800 - INFO - Creating embeddings for 1 text chunks...
2024-12-09 17:22:55,800 - INFO - Creating embeddings for 1 text chunks...
2024-12-09 17:22:55,801 - INFO - Creating embeddings for 1 text chunks...
2024-12-09 17:22:55,801 - INFO - Creating embeddings for 1 text chunks...
2024-12-09 17:22:55,801 - INFO - Creating embeddings for 1 text chunks...
2024-12-09 17:22:55,801 - INFO - Creating embeddings for 1 text chunks...
2024-12-09 17:22:55,802 - INFO - Creating embeddings for 1 text chunks...
2024-12-09 17:22:55,802 - INFO - Creating embeddings for 1 text chunks...
2024-12-09 17:22:55,802 - INFO - Creating embeddings for 1 text chunks...
2024-12-09 17:22:55,802 - INFO - Creating embeddings for 1 text chunks...
2024-12-09 17:22:55,802 - INFO - Creating embeddings for 1 text chunks...
2024-12-09 17:22:55,803 - INFO - Creating embeddings for 1 text chunks...
2024-12-09 17:22:55,803 - INFO - Creating embeddings for 1 text chunks...
2024-12-09 17:22:55,803 - INFO - Creating embeddings for 1 text chunks...
2024-12-09 17:22:55,803 - INFO - Creating embeddings for 1 text chunks...
2024-12-09 17:22:55,803 - INFO - Creating embeddings for 1 text chunks...
2024-12-09 17:22:55,803 - INFO - Creating embeddings for 1 text chunks...
2024-12-09 17:22:55,804 - INFO - Creating embeddings for 1 text chunks...
2024-12-09 17:22:55,804 - INFO - Creating embeddings for 1 text chunks...
2024-12-09 17:22:55,804 - INFO - Creating embeddings for 1 text chunks...
2024-12-09 17:22:55,804 - INFO - Creating embeddings for 1 text chunks...
2024-12-09 17:22:55,804 - INFO - Creating embeddings for 1 text chunks...
2024-12-09 17:22:55,804 - INFO - Creating embeddings for 1 text chunks...
2024-12-09 17:22:55,805 - INFO - Creating embeddings for 1 text chunks...
2024-12-09 17:22:55,805 - INFO - Creating embeddings for 1 text chunks...
2024-12-09 17:22:55,805 - INFO - Creating embeddings for 1 text chunks...
2024-12-09 17:22:55,805 - INFO - Creating embeddings for 1 text chunks...
2024-12-09 17:22:55,805 - INFO - Creating embeddings for 1 text chunks...
2024-12-09 17:22:55,805 - INFO - Creating embeddings for 1 text chunks...
2024-12-09 17:22:55,806 - INFO - Creating embeddings for 1 text chunks...
2024-12-09 17:22:55,806 - INFO - Creating embeddings for 1 text chunks...
2024-12-09 17:22:55,806 - INFO - Creating embeddings for 1 text chunks...
2024-12-09 17:22:55,807 - INFO - Creating embeddings for 1 text chunks...
2024-12-09 17:22:55,807 - INFO - Creating embeddings for 1 text chunks...
2024-12-09 17:22:55,807 - INFO - Creating embeddings for 1 text chunks...
2024-12-09 17:22:55,807 - INFO - Creating embeddings for 1 text chunks...
2024-12-09 17:22:55,808 - INFO - Creating embeddings for 1 text chunks...
2024-12-09 17:22:55,808 - INFO - Creating embeddings for 1 text chunks...
2024-12-09 17:22:55,808 - INFO - Creating embeddings for 1 text chunks...
2024-12-09 17:22:55,809 - INFO - Creating embeddings for 1 text chunks...
2024-12-09 17:22:55,809 - INFO - Creating embeddings for 1 text chunks...
2024-12-09 17:22:55,809 - INFO - Creating embeddings for 1 text chunks...
2024-12-09 17:22:55,810 - INFO - Creating embeddings for 1 text chunks...
2024-12-09 17:22:55,810 - INFO - Creating embeddings for 1 text chunks...
2024-12-09 17:22:55,810 - INFO - Creating embeddings for 1 text chunks...
2024-12-09 17:22:55,810 - INFO - Creating embeddings for 1 text chunks...
2024-12-09 17:22:55,811 - INFO - Creating embeddings for 1 text chunks...
2024-12-09 17:22:55,811 - INFO - Creating embeddings for 1 text chunks...
2024-12-09 17:22:55,811 - INFO - Creating embeddings for 1 text chunks...
2024-12-09 17:22:55,811 - INFO - Creating embeddings for 1 text chunks...
2024-12-09 17:22:55,811 - INFO - Creating embeddings for 1 text chunks...
2024-12-09 17:22:55,811 - INFO - Creating embeddings for 1 text chunks...
2024-12-09 17:22:55,812 - INFO - Creating embeddings for 1 text chunks...
2024-12-09 17:22:55,812 - INFO - Creating embeddings for 1 text chunks...
2024-12-09 17:22:55,812 - INFO - Creating embeddings for 1 text chunks...
2024-12-09 17:22:55,812 - INFO - Creating embeddings for 1 text chunks...
2024-12-09 17:22:55,812 - INFO - Creating embeddings for 1 text chunks...
2024-12-09 17:22:55,813 - INFO - Creating embeddings for 1 text chunks...
2024-12-09 17:22:55,813 - INFO - Creating embeddings for 1 text chunks...
2024-12-09 17:22:55,813 - INFO - Creating embeddings for 1 text chunks...
2024-12-09 17:22:55,813 - INFO - Creating embeddings for 1 text chunks...
2024-12-09 17:22:55,814 - INFO - Creating embeddings for 1 text chunks...
2024-12-09 17:22:55,814 - INFO - Creating embeddings for 1 text chunks...
2024-12-09 17:22:55,814 - INFO - Creating embeddings for 1 text chunks...
2024-12-09 17:22:55,814 - INFO - Creating embeddings for 1 text chunks...
2024-12-09 17:22:55,814 - INFO - Creating embeddings for 1 text chunks...
2024-12-09 17:22:55,814 - INFO - Creating embeddings for 1 text chunks...
2024-12-09 17:22:55,815 - INFO - Creating embeddings for 1 text chunks...
2024-12-09 17:22:55,815 - INFO - Creating embeddings for 1 text chunks...
2024-12-09 17:22:55,815 - INFO - Creating embeddings for 1 text chunks...
2024-12-09 17:22:55,815 - INFO - Creating embeddings for 1 text chunks...
2024-12-09 17:22:55,815 - INFO - Creating embeddings for 1 text chunks...
2024-12-09 17:22:55,816 - INFO - Creating embeddings for 1 text chunks...
2024-12-09 17:22:55,816 - INFO - Creating embeddings for 1 text chunks...
2024-12-09 17:22:55,816 - INFO - Creating embeddings for 1 text chunks...
2024-12-09 17:22:55,816 - INFO - Creating embeddings for 1 text chunks...
2024-12-09 17:22:55,816 - INFO - Creating embeddings for 1 text chunks...
2024-12-09 17:22:55,816 - INFO - Creating embeddings for 1 text chunks...
2024-12-09 17:22:55,817 - INFO - Creating embeddings for 1 text chunks...
2024-12-09 17:22:55,817 - INFO - Creating embeddings for 1 text chunks...
2024-12-09 17:22:55,817 - INFO - Creating embeddings for 1 text chunks...
2024-12-09 17:22:55,818 - INFO - Creating embeddings for 1 text chunks...
2024-12-09 17:22:55,818 - INFO - Creating embeddings for 1 text chunks...
2024-12-09 17:22:55,818 - INFO - Creating embeddings for 1 text chunks...
2024-12-09 17:22:55,818 - INFO - Creating embeddings for 1 text chunks...
2024-12-09 17:22:55,818 - INFO - Creating embeddings for 1 text chunks...
2024-12-09 17:22:55,819 - INFO - Creating embeddings for 1 text chunks...
2024-12-09 17:22:55,819 - INFO - Creating embeddings for 1 text chunks...
2024-12-09 17:22:55,819 - INFO - Creating embeddings for 1 text chunks...
2024-12-09 17:22:55,819 - INFO - Creating embeddings for 1 text chunks...
2024-12-09 17:22:55,819 - INFO - Creating embeddings for 1 text chunks...
2024-12-09 17:22:55,820 - INFO - Creating embeddings for 1 text chunks...
2024-12-09 17:22:55,820 - INFO - Creating embeddings for 1 text chunks...
2024-12-09 17:22:55,820 - INFO - Creating embeddings for 1 text chunks...
2024-12-09 17:22:55,820 - INFO - Creating embeddings for 1 text chunks...
2024-12-09 17:22:55,820 - INFO - Creating embeddings for 1 text chunks...
2024-12-09 17:22:55,821 - INFO - Creating embeddings for 1 text chunks...
2024-12-09 17:22:55,821 - INFO - Creating embeddings for 1 text chunks...
2024-12-09 17:22:55,821 - INFO - Creating embeddings for 1 text chunks...
2024-12-09 17:22:55,821 - INFO - Creating embeddings for 1 text chunks...
2024-12-09 17:22:55,822 - INFO - Creating embeddings for 1 text chunks...
2024-12-09 17:22:55,822 - INFO - Creating embeddings for 1 text chunks...
2024-12-09 17:22:55,822 - INFO - Creating embeddings for 1 text chunks...
2024-12-09 17:22:55,822 - INFO - Creating embeddings for 1 text chunks...
2024-12-09 17:22:55,822 - INFO - Creating embeddings for 1 text chunks...
2024-12-09 17:22:55,823 - INFO - Creating embeddings for 1 text chunks...
2024-12-09 17:22:55,823 - INFO - Creating embeddings for 1 text chunks...
2024-12-09 17:22:55,823 - INFO - Creating embeddings for 1 text chunks...
2024-12-09 17:22:55,823 - INFO - Creating embeddings for 1 text chunks...
2024-12-09 17:22:55,823 - INFO - Creating embeddings for 1 text chunks...
2024-12-09 17:22:55,824 - INFO - Creating embeddings for 1 text chunks...
2024-12-09 17:22:55,824 - INFO - Creating embeddings for 1 text chunks...
2024-12-09 17:22:55,824 - INFO - Creating embeddings for 1 text chunks...
2024-12-09 17:22:55,824 - INFO - Creating embeddings for 1 text chunks...
2024-12-09 17:22:55,825 - INFO - Creating embeddings for 1 text chunks...
2024-12-09 17:22:55,825 - INFO - Creating embeddings for 1 text chunks...
2024-12-09 17:22:55,825 - INFO - Creating embeddings for 1 text chunks...
2024-12-09 17:22:55,826 - INFO - Creating embeddings for 1 text chunks...
2024-12-09 17:22:55,826 - INFO - Creating embeddings for 1 text chunks...
2024-12-09 17:22:55,826 - INFO - Creating embeddings for 1 text chunks...
2024-12-09 17:22:55,826 - INFO - Creating embeddings for 1 text chunks...
2024-12-09 17:22:55,827 - INFO - Creating embeddings for 1 text chunks...
2024-12-09 17:22:55,827 - INFO - Creating embeddings for 1 text chunks...
2024-12-09 17:22:55,827 - INFO - Creating embeddings for 1 text chunks...
2024-12-09 17:22:55,827 - INFO - Creating embeddings for 1 text chunks...
2024-12-09 17:22:55,828 - INFO - Creating embeddings for 1 text chunks...
2024-12-09 17:22:55,828 - INFO - Creating embeddings for 1 text chunks...
2024-12-09 17:22:55,829 - INFO - Creating embeddings for 1 text chunks...
2024-12-09 17:22:55,829 - INFO - Creating embeddings for 1 text chunks...
2024-12-09 17:22:55,829 - INFO - Creating embeddings for 1 text chunks...
2024-12-09 17:22:55,829 - INFO - Creating embeddings for 1 text chunks...
2024-12-09 17:22:55,829 - INFO - Creating embeddings for 1 text chunks...
2024-12-09 17:22:55,830 - INFO - Creating embeddings for 1 text chunks...
2024-12-09 17:22:55,830 - INFO - Creating embeddings for 1 text chunks...
2024-12-09 17:22:55,830 - INFO - Creating embeddings for 1 text chunks...
2024-12-09 17:22:55,830 - INFO - Creating embeddings for 1 text chunks...
2024-12-09 17:22:55,830 - INFO - Creating embeddings for 1 text chunks...
2024-12-09 17:22:55,830 - INFO - Creating embeddings for 1 text chunks...
2024-12-09 17:22:55,830 - INFO - Creating embeddings for 1 text chunks...
2024-12-09 17:22:55,830 - INFO - Creating embeddings for 1 text chunks...
2024-12-09 17:22:55,832 - INFO - Creating embeddings for 1 text chunks...
2024-12-09 17:22:55,832 - INFO - Creating embeddings for 1 text chunks...
2024-12-09 17:22:55,832 - INFO - Creating embeddings for 1 text chunks...
2024-12-09 17:22:55,832 - INFO - Creating embeddings for 1 text chunks...
2024-12-09 17:22:55,832 - INFO - Creating embeddings for 1 text chunks...
2024-12-09 17:22:55,832 - INFO - Creating embeddings for 1 text chunks...
2024-12-09 17:22:55,832 - INFO - Creating embeddings for 1 text chunks...
2024-12-09 17:22:55,833 - INFO - Creating embeddings for 1 text chunks...
2024-12-09 17:22:55,995 - ERROR - Error during test: maximum recursion depth exceeded
